
=== Mon May 18 13:31:41 2020

Packages were changed.
Update Mode: updateDependencies

The following packages were updated:
  com.unity.2d.animation from version 3.1.0 to 3.2.1
  com.unity.2d.psdimporter from version 2.1.0 to 2.1.3
  com.unity.ads from version 2.0.8 to 3.4.4
  com.unity.test-framework from version 1.1.11 to 1.1.13

=== Tue Jul 14 15:16:10 2020

Packages were changed.
Update Mode: updateDependencies

The following packages were updated:
  com.unity.2d.animation from version 3.2.1 to 3.2.2
  com.unity.2d.psdimporter from version 2.1.3 to 2.1.4
  com.unity.ads from version 3.4.4 to 3.4.5
  com.unity.ide.vscode from version 1.1.4 to 1.2.0
  com.unity.test-framework from version 1.1.13 to 1.1.14

=== Tue Sep  1 11:17:03 2020

Packages were changed.
Update Mode: updateDependencies

The following packages were updated:
  com.unity.ads from version 3.4.5 to 3.4.7
  com.unity.ide.vscode from version 1.2.0 to 1.2.1
  com.unity.multiplayer-hlapi from version 1.0.4 to 1.0.6
  com.unity.test-framework from version 1.1.14 to 1.1.16
